

JSONified input:
++++++++++++++++
{
  "Create": "C m=12.0000000000000 C:/AMS2021.102/atomicdata/ADF/ZORA/DZP/C.1s",
  "CorePotentials": {
    "_1": [],
    "_h": "C:/SCMTMP/amstmp_ams_kid0.195579973/t12.rel"
  },
  "xc": {
    "gga": "PBE",
    "dispersion": "GRIMME4"
  }
}


JSONified input traversal:
++++++++++++++++++++++++++
2 3 , path = 
7 0 Create, path = Create
2 2 CorePotentials, path = CorePotentials
3 0 _1, path = CorePotentials%_1
7 0 _h, path = CorePotentials%_h
2 2 xc, path = xc
7 0 gga, path = xc%gga
7 0 dispersion, path = xc%dispersion
 dirac file name: C:/AMS2021.102/atomicdata/Dirac/C.1s



                     **************************************************************************
                     *  DIRAC 2021.102  RunTime: Jun21-2021 22:21:16  ShM Nodes: 1  Procs: 1  *
                     **************************************************************************
  
1
 CARBON ATOM 1s CORE RELATIVISTIC, Point Nuc, A and c from li
 N J RN H ZN XION ANUC CLIGHT
 5000    4100.00000000197.36710137  6.00000000  0.00000000   12.000000  0.1370360E+03
  PH   PHI     EPS        DEL        DELRVR
  0.30  0.30     2500.00  0.00001000  0.00001000
 IDIRC  NC1  NDEBU NPRIN  IPUN IRCOR IWCOR
   1   300     0     0     0     0     1
   XALPHA      XLATTER      RNUC
  0.70000000  0.00000000  0.00000000 Point Charge
   XN   XL   XJ      XE          XZ      XDELL
  1.0  0.0  0.5      -5.000       2.000     0.00000
  2.0  0.0  0.5      -1.000       2.000     0.00000
  2.0  1.0  0.5      -1.000       2.000     0.00000
  2.0  1.0  1.5      -1.000       0.000     0.00000
 R(1)=  0.1000000E-08 D=  0.1005080E+01 RNUC=  0.0000000E+00
 converged at cycle   26  DENSITY AVERAGING    0.3000
  MAXIMUM ERROR IN R.V(R) IS   0.55010513E-05
 Q,EY,EV,EZ,ESUM,ETOT,RHO  0.600000E+01 -0.610129E+01 -0.585189E+02 -0.876464E+02 -0.211985E+02 -0.372876E+02  0.164808E-14


 DIRAC CALCULATION
1                    CARBON ATOM 1s CORE RELATIVISTIC, Point Nuc, A and c from libtc


 EXCHANGE COEFFICIENT=  0.7000000           TAIL CORRECTION=  0.           NUCLEAR RADIUS=  0.000E+00
0                       ORBITAL    N    L    J     ELECTRONS     EIGENVALUE                DELTA OF EIGENV.

                          1S1/2  1.0  0.0  0.5     2.000       -0.9959611E+01                 0.1355092E-04
                          2S1/2  2.0  0.0  0.5     2.000       -0.4708542E+00                 0.1106918E-05
                          2P1/2  2.0  1.0  0.5     2.000       -0.1687896E+00                 0.8770186E-06
                          2P3/2  2.0  1.0  1.5     0.000       -0.1684646E+00                 0.8770830E-06


                                        NUCLEAR CHARGE=    6.000000
                            INTEGRAL OF CHARGE DENSITY=    6.000000
                           SUM OF THE ORBITAL ENERGIES=    -21.1985
                                          TOTAL ENERGY=    -37.2876
                                        KINETIC ENERGY=     37.3204
                             NUCLEAR ATTRACTION ENERGY=    -87.6464
                             ELECTRON REPULSION ENERGY=     17.6144
                                       EXCHANGE ENERGY=     -4.5760

 Carbon (DZP, 1s frozen)



 ===========================
 A T T A C H E D   F I L E S
 ===========================
  
 CREATE - Data File:    C:/AMS2021.102/atomicdata/ADF/ZORA/DZP/C.1s
                        Carbon (DZP, 1s frozen)
 Core Potentials:
         file : C:/SCMTMP/amstmp_ams_kid0.195579973/t12.rel



 ===============================
 M O D E L   P A R A M E T E R S
 ===============================
  
 DENSITY FUNCTIONAL POTENTIAL (scf)
    LDA:                               PW92                                    == Not Default ==
    Gradient Corrections:              PBEc PBEx                               == Not Default ==

 SPIN  (restricted / unrestr.)
    Molecule:                          Restricted                               

 OTHER ASPECTS
    Relativistic Corrections:          scalar (ZORA,MAPA)                       

    Nuclear Charge Density Model:      Point Charge Nuclei                      
    Core Treatment:                    Frozen Orbital(s)                        

    Hyperfine or Zeeman Interaction:   ---                                      

 Settings for Grimme D4 dispersion correction

      s6                          1.000
      s8                          0.959
      a1                          0.386
      a2                          4.807



 =====================================
 S Y M M E T R Y ,   E L E C T R O N S
 =====================================
  
 Symmetry: ATOM

 Irreducible Representations, including subspecies
 -------------------------------------------------
 S
 P:x  P:y  P:z
 D:z2  D:x2-y2  D:xy  D:xz  D:yz
 F:z3  F:z  F:xyz  F:z2x  F:z2y  F:x  F:y


 Configuration of Valence Electrons
 ==================================

          Occupation Numbers
          -------------------------------------------------
 S        2
 P        2
 D        0
 F        0
          -------------------------------------------------

 Total:   4

 Net Charge: 0 (Nuclei minus Electrons)

 Preset values for MO occupations will be applied through SCF cycle no. 1000000
 Thereafter, the program will assign electrons to MOs that are spatially
 similar to the occupied MOs in a "reference" cycle ("KeepOrbitals").
 The reference cycle is always the PREVIOUS cycle: it will evolve with
 the SCF procedure.



 ================================
 (Slater-type)  F U N C T I O N S  ***  (Basis and Fit)  ***
 ================================
  

 Atom Type    1  (C)
 ==============

 Valence Basis Sets:   6
 -----------------------
   1 S    5.400000
   2 S    1.240000
   2 S    1.980000
   2 P    0.960000
   2 P    2.200000
   3 D    2.200000

 Frozen Core Shells
 ------------------
    S:  1


 BAS: List of all Elementary Cartesian Basis Functions
 =====================================================

 The numbering in the list below (to the right of the function characteristics) is referred
 to in print-outs of MO eigenvectors and Mulliken populations in the BAS representation
 (as contrasted to the SFO representation).

 Notes:
 1. The functions are characterized by a polynomial prefactor (powers of x,y,z and r) and
    an exponential decay factor alpha.
 2. Since the basis sets are specific for an atom TYPE, the individual functions occur on
    all atoms of that type.
 3. The word 'Core' in the left margin signals that it is a Core Function (CF) : not a
    degree of freedom in the valence set, but only used to ensure orthogonalization of
    the other valence basis functions on the frozen Core Orbitals.


 (power of) X  Y  Z  R     Alpha  on Atom
            ==========     =====     ==========

 C                                    1
                                  ---------------------------------------------------------------------------
    Core    0  0  0  0     5.400      1
            0  0  0  1     1.240      2
            0  0  0  1     1.980      3
            1  0  0  0     0.960      4
            0  1  0  0     0.960      5
            0  0  1  0     0.960      6
            1  0  0  0     2.200      7
            0  1  0  0     2.200      8
            0  0  1  0     2.200      9
            2  0  0  0     2.200     10
            1  1  0  0     2.200     11
            1  0  1  0     2.200     12
            0  2  0  0     2.200     13
            0  1  1  0     2.200     14
            0  0  2  0     2.200     15

 Total number of charge fitting functions (nprimf)        82
 Total number of Cartesian basis functions (naos)         15
 Total number of Cartesian core functions  (ncos)          1



 BAS: List of all Elementary Cartesian Basis Functions
 =====================================================

 The numbering in the list below (to the right of the function characteristics) is referred
 to in print-outs of MO eigenvectors and Mulliken populations in the BAS representation
 (as contrasted to the SFO representation).

 Notes:
 1. The functions are characterized by a polynomial prefactor (powers of x,y,z and r) and
    an exponential decay factor alpha.
 2. Since the basis sets are specific for an atom TYPE, the individual functions occur on
    all atoms of that type.
 3. The word 'Core' in the left margin signals that it is a Core Function (CF) : not a
    degree of freedom in the valence set, but only used to ensure orthogonalization of
    the other valence basis functions on the frozen Core Orbitals.


 (power of) X  Y  Z  R     Alpha  on Atom
            ==========     =====     ==========

 C                                    1
                                  ---------------------------------------------------------------------------
    Core    0  0  0  0     5.400      1
            0  0  0  1     1.240      2
            0  0  0  1     1.980      3
            1  0  0  0     0.960      4
            0  1  0  0     0.960      5
            0  0  1  0     0.960      6
            1  0  0  0     2.200      7
            0  1  0  0     2.200      8
            0  0  1  0     2.200      9
            2  0  0  0     2.200     10
            1  1  0  0     2.200     11
            1  0  1  0     2.200     12
            0  2  0  0     2.200     13
            0  1  1  0     2.200     14
            0  0  2  0     2.200     15
1
 ***************************************************************************************************



                                              ***********************
                                              *  T E C H N I C A L  *
                                              ***********************
  



 =============================================================
 P A R A L L E L I Z A T I O N  and  V E C T O R I Z A T I O N
 =============================================================
  
 Nr of parallel processes:                                1
 Maximum vector length in NumInt loops:                 128



 =====================
 S C F   U P D A T E S
 =====================
  
 Max. nr. of cycles:                               300
 Convergence criterion:                              0.0000000100
   secondary criterion:                              0.0000000100

 Mix parameter (when DIIS does not apply):           0.2000000000
 Special mix parameter for the first cycle:          1.0000000000
 Mixed ADIIS+SDIIS will be used                  
    Max number of expansion vectors:                10
    Pure ADIIS when Max([F,P]) is above              0.1000000000
    Pure SDIIS when Max([F,P]) is below              0.0010000000
 Automatic ElectronSmearing (in case of problematic SCF convergence) disabled



 =================
 P R E C I S I O N  ***  (General: NumInt, NeglectFunctionTails, ...)  ***
 =================
  

 NumInt:           Target precision:                12.0000000000
 -------           Initial precision:               10.0000000000
                   Min. precision (optimization):   10.0000000000

 Neglect Functions:          Basis functions:        0.1000000000E-13
 ------------------          Fit functions:          0.1000000000E-13



 ===========================
 L I N E A R   S C A L I N G
 ===========================
  

 Cut-off radii density fit:                        0.1000000000E-97
 Overlap cut-off criterion AO matrix elements:     0.1000000000E-97
 Cut-offs for Coulomb potential and fitted density:0.1000000000E-97
 Cut-off criterion for Coulomb multipole terms:    0.1000000000E-97
 Progressive Convergence parameter:                 0.000000000    
1
 ***************************************************************************************************



                                            ***************************
                                            *  C O M P U T A T I O N  *
                                            ***************************
  

 Number of elements of the density matrix on this node (used, total):       120       120



 ===========================================
 Numerical Integration : Fuzzy Cells (Becke)
 ===========================================
  
 Becke grid quality: VERYGOOD       
  
 Lebedev angular grid order:             min:  13 max:  41
 Nr. of radial points:                   min:  68 max:  68

 Total nr. of points:         68
 Nr. of blocks:                1
 Block length:                68
 Nr. of dummy points:          0


 Test of Precision of the Numerical Integration Grid
 ===================================================

 Integral of the Total Core Density:                   1.99999999948618
 Relative Error:                                      -2.569E-10



 ========================
 Density Fitting (zlmFit)
 ========================
  
 ZlmFit Fit Quality: VERYGOOD       
  
 Max L-expansion:                        min:   0 max:   0
 Nr. of radial interpolation points:     min: 140 max: 140



 =====
 S C F  ***  ScaSCF  ***
 =====
  

 CYCLE    1
 SCF Error: norm([F,P])=      0.000000000000, max([F,P])=      0.000000000000
 orbitals (Q,E):
 ---------------
 S :1...2            ( 2.00    -2.5623)  ( 0.00    -1.0014)
 P :1...2            ( 2.00    -2.3221)  ( 0.00    -0.9573)
 D :1...1            ( 0.00    -0.6267)

 CYCLE    2
 SCF Error: norm([F,P])=      0.963852210200, max([F,P])=      0.852554362141
 orbitals (Q,E):
 ---------------
 S :1...2            ( 2.00    -0.1770)  ( 0.00     0.8162)
 P :1...2            ( 2.00     0.0851)  ( 0.00     0.8638)
 D :1...1            ( 0.00     1.5736)

 CYCLE    3
  SDIIS (wt  0.000):  0.4201  0.5799
 A-DIIS (wt  1.000):  0.1898  0.8102
  DIIS coefficients:  0.1898  0.8102
 SCF Error: norm([F,P])=      0.698162699536, max([F,P])=      0.607591861976
 orbitals (Q,E):
 ---------------
 S :1...2            ( 2.00    -0.6546)  ( 0.00     0.3680)
 P :1...2            ( 2.00    -0.3378)  ( 0.00     0.3347)
 D :1...1            ( 0.00     1.0940)

 CYCLE    4
  SDIIS (wt  0.000):  0.2652  0.7348
 A-DIIS (wt  1.000):  0.0000  1.0000
  DIIS coefficients:  0.0000  1.0000
 SCF Error: norm([F,P])=      0.252447017650, max([F,P])=      0.207192920574
 orbitals (Q,E):
 ---------------
 S :1...2            ( 2.00    -0.4205)  ( 0.00     0.5466)
 P :1...2            ( 2.00    -0.1178)  ( 0.00     0.5346)
 D :1...1            ( 0.00     1.3158)

 CYCLE    5
  SDIIS (wt  0.000):  0.4376  0.5624
 A-DIIS (wt  1.000):  0.3362  0.6638
  DIIS coefficients:  0.3362  0.6638
 SCF Error: norm([F,P])=      0.196399549812, max([F,P])=      0.163524782373
 orbitals (Q,E):
 ---------------
 S :1...2            ( 2.00    -0.5295)  ( 0.00     0.4567)
 P :1...2            ( 2.00    -0.2168)  ( 0.00     0.4304)
 D :1...1            ( 0.00     1.2106)

 CYCLE    6
  SDIIS (wt  0.746):  0.1393  0.8607
 A-DIIS (wt  0.254):  0.0000  1.0000
  DIIS coefficients:  0.1039  0.8961
 SCF Error: norm([F,P])=      0.031800396288, max([F,P])=      0.026174079421
 orbitals (Q,E):
 ---------------
 S :1...2            ( 2.00    -0.5100)  ( 0.00     0.4720)
 P :1...2            ( 2.00    -0.1985)  ( 0.00     0.4476)
 D :1...1            ( 0.00     1.2292)

 CYCLE    7
  SDIIS (wt  0.957):  0.1671  0.8329
 A-DIIS (wt  0.043):  0.0000  1.0000
  DIIS coefficients:  0.1599  0.8401
 SCF Error: norm([F,P])=      0.006380364260, max([F,P])=      0.005276657910
 orbitals (Q,E):
 ---------------
 S :1...2            ( 2.00    -0.5131)  ( 0.00     0.4695)
 P :1...2            ( 2.00    -0.2014)  ( 0.00     0.4448)
 D :1...1            ( 0.00     1.2262)

 CYCLE    8
  SDIIS (wt  1.000):  0.0278  0.9722
  DIIS coefficients:  0.0278  0.9722
 SCF Error: norm([F,P])=      0.000182577070, max([F,P])=      0.000150503335
 orbitals (Q,E):
 ---------------
 S :1...2            ( 2.00    -0.5130)  ( 0.00     0.4696)
 P :1...2            ( 2.00    -0.2013)  ( 0.00     0.4449)
 D :1...1            ( 0.00     1.2263)

 CYCLE    9
  SDIIS (wt  1.000):  0.0028  0.9972
  DIIS coefficients:  0.0028  0.9972
 SCF Error: norm([F,P])=      0.000000521743, max([F,P])=      0.000000432139
 orbitals (Q,E):
 ---------------
 S :1...2            ( 2.00    -0.5130)  ( 0.00     0.4696)
 P :1...2            ( 2.00    -0.2013)  ( 0.00     0.4449)
 D :1...1            ( 0.00     1.2263)

 CYCLE   10
  SDIIS (wt  1.000): -0.0041  1.0041
  DIIS coefficients: -0.0041  1.0041
 SCF Error: norm([F,P])=      0.000000002128, max([F,P])=      0.000000001755
 orbitals (Q,E):
 ---------------
 S :1...2            ( 2.00    -0.5130)  ( 0.00     0.4696)
 P :1...2            ( 2.00    -0.2013)  ( 0.00     0.4449)
 D :1...1            ( 0.00     1.2263)

 SCF CONVERGED

 CYCLE   11
1
 ***************************************************************************************************



                                                *******************
                                                *  R E S U L T S  *
                                                *******************
  
 *** Using FIT density in Focky
  SDIIS (wt  1.000):  0.0033  0.9967
  DIIS coefficients:  0.0033  0.9967
 SCF Error: norm([F,P])=      0.000000000007, max([F,P])=      0.000000000006

 Scaled ZORA Orbital Energies, per Irrep and Spin:
 =================================================
                        Occup              E (au)              E (eV)       Diff (eV) with prev. cycle
                        -----      --------------------        ------       --------------------------
 S
               1        2.000     -0.51302252390891E+00       -13.960               9.84E-11
               2        0.000      0.46959403215905E+00        12.778
 P
               1        2.000     -0.20130361605678E+00        -5.478               9.21E-11
               2        0.000      0.44488607871879E+00        12.106
 D
               1        0.000      0.12262745551850E+01        33.369


 Partially Occupied:
               1 P                -0.20130361605678E+00
  
 HOMO :        1 S                -0.51302252390891E+00
 LUMO :        2 P                 0.44488607871879E+00
  


 Orbital Energies, all Irreps
 ========================================

 Irrep        no.  (spin)   Occup              E (au)                E (eV)
 ---------------------------------------------------------------------------
 S             1             2.00       -0.51302252390891E+00       -13.9601
 P             1             2.00       -0.20130361605678E+00        -5.4778
 P             2             0.00        0.44488607871879E+00        12.1060
 S             2             0.00        0.46959403215905E+00        12.7783
 D             1             0.00        0.12262745551850E+01        33.3686


 Scaled ZORA Orbital Energies of the Core Orbitals:
 ==================================================

 (Note that the atoms are grouped by atomtype, see the labels, and may hence NOT be in input order)

 AtomType  Orbital  Atom                   E (au)                        E (eV)
 --------  -------  ----           --------------------        ----------------
 C           1S        1          -0.10065868007599E+02                -273.906



 =======================================
 M U L L I K E N   P O P U L A T I O N S
 =======================================
  
 The survey below gives for each atom:
 a) the total charge (Z minus electrons)
 b) the net spin polarization (nr of electrons spin-A minus spin-B)
 c) for each spin the atomic electron valence density (integrated) per L-value.

 Atom              Charge    Spin density          S         P         D         F
 ----              ------    ------------       ------    ------    ------    ------
 1 C               0.0000                       2.0000    2.0000    0.0000    0.0000

 Populations of individual BAS functions
 ----------------------------------------
 1 C            0.0006  0.8687  1.1307  0.3641  0.3641  0.3641  0.3025  0.3025  0.3025  0.0000
                0.0000  0.0000  0.0000  0.0000  0.0000

 Gross Charges per Atom (Z minus electrons)
 ==========================================
             0.0000
 Net Total:  0.00000000



 =======================================================================
 Electrostatic potential at the Nuclei due to electrons and other nuclei
 =======================================================================
  
         Atom                  Potential
         ----                  ---------
     1)   C                  14.63460621


JSONified input:
++++++++++++++++
{
  "Create": "O m=15.9949140000000 C:/AMS2021.102/atomicdata/ADF/ZORA/DZP/O.1s",
  "CorePotentials": {
    "_1": [],
    "_h": "C:/SCMTMP/amstmp_ams_kid0.195579973/t12.rel"
  },
  "xc": {
    "gga": "PBE",
    "dispersion": "GRIMME4"
  }
}


JSONified input traversal:
++++++++++++++++++++++++++
2 3 , path = 
7 0 Create, path = Create
2 2 CorePotentials, path = CorePotentials
3 0 _1, path = CorePotentials%_1
7 0 _h, path = CorePotentials%_h
2 2 xc, path = xc
7 0 gga, path = xc%gga
7 0 dispersion, path = xc%dispersion
 dirac file name: C:/AMS2021.102/atomicdata/Dirac/O.1s



                     **************************************************************************
                     *  DIRAC 2021.102  RunTime: Jun21-2021 22:21:16  ShM Nodes: 1  Procs: 1  *
                     **************************************************************************
  
1
 OXYGEN ATOM 1s CORE RELATIVISTIC, Point Nuc, A and c from li
 N J RN H ZN XION ANUC CLIGHT
 5000    4100.00000000197.36710137  8.00000000  0.00000000   15.994914  0.1370360E+03
  PH   PHI     EPS        DEL        DELRVR
  0.30  0.30     2500.00  0.00001000  0.00001000
 IDIRC  NC1  NDEBU NPRIN  IPUN IRCOR IWCOR
   1   300     0     0     0     0     1
   XALPHA      XLATTER      RNUC
  0.70000000  0.00000000  0.00000000 Point Charge
   XN   XL   XJ      XE          XZ      XDELL
  1.0  0.0  0.5      -5.000       2.000     0.00000
  2.0  0.0  0.5      -1.000       2.000     0.00000
  2.0  1.0  0.5      -1.000       2.000     0.00000
  2.0  1.0  1.5      -1.000       2.000     0.00000
 R(1)=  0.1000000E-08 D=  0.1005080E+01 RNUC=  0.0000000E+00
 converged at cycle   28  DENSITY AVERAGING    0.2400
  MAXIMUM ERROR IN R.V(R) IS   0.81125672E-05
 Q,EY,EV,EZ,ESUM,ETOT,RHO  0.800000E+01 -0.101247E+02 -0.114961E+03 -0.177573E+03 -0.405053E+02 -0.743427E+02  0.414766E-14


 DIRAC CALCULATION
1                    OXYGEN ATOM 1s CORE RELATIVISTIC, Point Nuc, A and c from libtc


 EXCHANGE COEFFICIENT=  0.7000000           TAIL CORRECTION=  0.           NUCLEAR RADIUS=  0.000E+00
0                       ORBITAL    N    L    J     ELECTRONS     EIGENVALUE                DELTA OF EIGENV.

                          1S1/2  1.0  0.0  0.5     2.000       -0.1880014E+02                 0.7264364E-06
                          2S1/2  2.0  0.0  0.5     2.000       -0.8412236E+00                 0.5932752E-05
                          2P1/2  2.0  1.0  0.5     2.000       -0.3063203E+00                 0.5998471E-05
                          2P3/2  2.0  1.0  1.5     2.000       -0.3049609E+00                 0.5986971E-05


                                        NUCLEAR CHARGE=    8.000000
                            INTEGRAL OF CHARGE DENSITY=    8.000000
                           SUM OF THE ORBITAL ENERGIES=    -40.5053
                                          TOTAL ENERGY=    -74.3427
                                        KINETIC ENERGY=     74.4552
                             NUCLEAR ATTRACTION ENERGY=   -177.5730
                             ELECTRON REPULSION ENERGY=     36.3686
                                       EXCHANGE ENERGY=     -7.5935

 Oxygen (DZP, 1s frozen)



 ===========================
 A T T A C H E D   F I L E S
 ===========================
  
 CREATE - Data File:    C:/AMS2021.102/atomicdata/ADF/ZORA/DZP/O.1s
                        Oxygen (DZP, 1s frozen)
 Core Potentials:
         file : C:/SCMTMP/amstmp_ams_kid0.195579973/t12.rel



 ===============================
 M O D E L   P A R A M E T E R S
 ===============================
  
 DENSITY FUNCTIONAL POTENTIAL (scf)
    LDA:                               PW92                                    == Not Default ==
    Gradient Corrections:              PBEc PBEx                               == Not Default ==

 SPIN  (restricted / unrestr.)
    Molecule:                          Restricted                               

 OTHER ASPECTS
    Relativistic Corrections:          scalar (ZORA,MAPA)                       

    Nuclear Charge Density Model:      Point Charge Nuclei                      
    Core Treatment:                    Frozen Orbital(s)                        

    Hyperfine or Zeeman Interaction:   ---                                      

 Settings for Grimme D4 dispersion correction

      s6                          1.000
      s8                          0.959
      a1                          0.386
      a2                          4.807



 =====================================
 S Y M M E T R Y ,   E L E C T R O N S
 =====================================
  
 Symmetry: ATOM

 Irreducible Representations, including subspecies
 -------------------------------------------------
 S
 P:x  P:y  P:z
 D:z2  D:x2-y2  D:xy  D:xz  D:yz
 F:z3  F:z  F:xyz  F:z2x  F:z2y  F:x  F:y


 Configuration of Valence Electrons
 ==================================

          Occupation Numbers
          -------------------------------------------------
 S        2
 P        4
 D        0
 F        0
          -------------------------------------------------

 Total:   6

 Net Charge: 0 (Nuclei minus Electrons)

 Preset values for MO occupations will be applied through SCF cycle no. 1000000
 Thereafter, the program will assign electrons to MOs that are spatially
 similar to the occupied MOs in a "reference" cycle ("KeepOrbitals").
 The reference cycle is always the PREVIOUS cycle: it will evolve with
 the SCF procedure.



 ================================
 (Slater-type)  F U N C T I O N S  ***  (Basis and Fit)  ***
 ================================
  

 Atom Type    1  (O)
 ==============

 Valence Basis Sets:   6
 -----------------------
   1 S    7.360000
   2 S    1.700000
   2 S    2.820000
   2 P    1.300000
   2 P    3.060000
   3 D    2.000000

 Frozen Core Shells
 ------------------
    S:  1


 BAS: List of all Elementary Cartesian Basis Functions
 =====================================================

 The numbering in the list below (to the right of the function characteristics) is referred
 to in print-outs of MO eigenvectors and Mulliken populations in the BAS representation
 (as contrasted to the SFO representation).

 Notes:
 1. The functions are characterized by a polynomial prefactor (powers of x,y,z and r) and
    an exponential decay factor alpha.
 2. Since the basis sets are specific for an atom TYPE, the individual functions occur on
    all atoms of that type.
 3. The word 'Core' in the left margin signals that it is a Core Function (CF) : not a
    degree of freedom in the valence set, but only used to ensure orthogonalization of
    the other valence basis functions on the frozen Core Orbitals.


 (power of) X  Y  Z  R     Alpha  on Atom
            ==========     =====     ==========

 O                                    1
                                  ---------------------------------------------------------------------------
    Core    0  0  0  0     7.360      1
            0  0  0  1     1.700      2
            0  0  0  1     2.820      3
            1  0  0  0     1.300      4
            0  1  0  0     1.300      5
            0  0  1  0     1.300      6
            1  0  0  0     3.060      7
            0  1  0  0     3.060      8
            0  0  1  0     3.060      9
            2  0  0  0     2.000     10
            1  1  0  0     2.000     11
            1  0  1  0     2.000     12
            0  2  0  0     2.000     13
            0  1  1  0     2.000     14
            0  0  2  0     2.000     15

 Total number of charge fitting functions (nprimf)        82
 Total number of Cartesian basis functions (naos)         15
 Total number of Cartesian core functions  (ncos)          1



 BAS: List of all Elementary Cartesian Basis Functions
 =====================================================

 The numbering in the list below (to the right of the function characteristics) is referred
 to in print-outs of MO eigenvectors and Mulliken populations in the BAS representation
 (as contrasted to the SFO representation).

 Notes:
 1. The functions are characterized by a polynomial prefactor (powers of x,y,z and r) and
    an exponential decay factor alpha.
 2. Since the basis sets are specific for an atom TYPE, the individual functions occur on
    all atoms of that type.
 3. The word 'Core' in the left margin signals that it is a Core Function (CF) : not a
    degree of freedom in the valence set, but only used to ensure orthogonalization of
    the other valence basis functions on the frozen Core Orbitals.


 (power of) X  Y  Z  R     Alpha  on Atom
            ==========     =====     ==========

 O                                    1
                                  ---------------------------------------------------------------------------
    Core    0  0  0  0     7.360      1
            0  0  0  1     1.700      2
            0  0  0  1     2.820      3
            1  0  0  0     1.300      4
            0  1  0  0     1.300      5
            0  0  1  0     1.300      6
            1  0  0  0     3.060      7
            0  1  0  0     3.060      8
            0  0  1  0     3.060      9
            2  0  0  0     2.000     10
            1  1  0  0     2.000     11
            1  0  1  0     2.000     12
            0  2  0  0     2.000     13
            0  1  1  0     2.000     14
            0  0  2  0     2.000     15
1
 ***************************************************************************************************



                                              ***********************
                                              *  T E C H N I C A L  *
                                              ***********************
  



 =============================================================
 P A R A L L E L I Z A T I O N  and  V E C T O R I Z A T I O N
 =============================================================
  
 Nr of parallel processes:                                1
 Maximum vector length in NumInt loops:                 128



 =====================
 S C F   U P D A T E S
 =====================
  
 Max. nr. of cycles:                               300
 Convergence criterion:                              0.0000000100
   secondary criterion:                              0.0000000100

 Mix parameter (when DIIS does not apply):           0.2000000000
 Special mix parameter for the first cycle:          1.0000000000
 Mixed ADIIS+SDIIS will be used                  
    Max number of expansion vectors:                10
    Pure ADIIS when Max([F,P]) is above              0.1000000000
    Pure SDIIS when Max([F,P]) is below              0.0010000000
 Automatic ElectronSmearing (in case of problematic SCF convergence) disabled



 =================
 P R E C I S I O N  ***  (General: NumInt, NeglectFunctionTails, ...)  ***
 =================
  

 NumInt:           Target precision:                12.0000000000
 -------           Initial precision:               10.0000000000
                   Min. precision (optimization):   10.0000000000

 Neglect Functions:          Basis functions:        0.1000000000E-13
 ------------------          Fit functions:          0.1000000000E-13



 ===========================
 L I N E A R   S C A L I N G
 ===========================
  

 Cut-off radii density fit:                        0.1000000000E-97
 Overlap cut-off criterion AO matrix elements:     0.1000000000E-97
 Cut-offs for Coulomb potential and fitted density:0.1000000000E-97
 Cut-off criterion for Coulomb multipole terms:    0.1000000000E-97
 Progressive Convergence parameter:                 0.000000000    
1
 ***************************************************************************************************



                                            ***************************
                                            *  C O M P U T A T I O N  *
                                            ***************************
  

 Number of elements of the density matrix on this node (used, total):       120       120



 ===========================================
 Numerical Integration : Fuzzy Cells (Becke)
 ===========================================
  
 Becke grid quality: VERYGOOD       
  
 Lebedev angular grid order:             min:  13 max:  41
 Nr. of radial points:                   min:  68 max:  68

 Total nr. of points:         68
 Nr. of blocks:                1
 Block length:                68
 Nr. of dummy points:          0


 Test of Precision of the Numerical Integration Grid
 ===================================================

 Integral of the Total Core Density:                   1.99999999865610
 Relative Error:                                      -6.720E-10



 ========================
 Density Fitting (zlmFit)
 ========================
  
 ZlmFit Fit Quality: VERYGOOD       
  
 Max L-expansion:                        min:   0 max:   0
 Nr. of radial interpolation points:     min: 140 max: 140



 =====
 S C F  ***  ScaSCF  ***
 =====
  

 CYCLE    1
 SCF Error: norm([F,P])=      0.000000000000, max([F,P])=      0.000000000000
 orbitals (Q,E):
 ---------------
 S :1...2            ( 2.00    -5.3496)  ( 0.00    -2.1658)
 P :1...2            ( 4.00    -4.9921)  ( 0.00    -2.0814)
 D :1...1            ( 0.00    -2.0410)

 CYCLE    2
 SCF Error: norm([F,P])=      2.510223947998, max([F,P])=      1.836941004304
 orbitals (Q,E):
 ---------------
 S :1...2            ( 2.00    -0.1746)  ( 0.00     1.8227)
 P :1...2            ( 4.00     0.2666)  ( 0.00     1.7687)
 D :1...1            ( 0.00     1.4683)

 CYCLE    3
  SDIIS (wt  0.000):  0.4869  0.5131
 A-DIIS (wt  1.000):  0.3747  0.6253
  DIIS coefficients:  0.3747  0.6253
 SCF Error: norm([F,P])=      2.381957142848, max([F,P])=      1.619358022490
 orbitals (Q,E):
 ---------------
 S :1...2            ( 2.00    -1.0621)  ( 0.00     0.8937)
 P :1...2            ( 4.00    -0.5091)  ( 0.00     0.7069)
 D :1...1            ( 0.00     0.9586)

 CYCLE    4
  SDIIS (wt  0.000):  0.1635  0.8365
 A-DIIS (wt  1.000):  0.0000  1.0000
  DIIS coefficients:  0.0000  1.0000
 SCF Error: norm([F,P])=      0.467584303543, max([F,P])=      0.276347096207
 orbitals (Q,E):
 ---------------
 S :1...2            ( 2.00    -0.7541)  ( 0.00     1.1235)
 P :1...2            ( 4.00    -0.2130)  ( 0.00     0.9435)
 D :1...1            ( 0.00     1.1280)

 CYCLE    5
  SDIIS (wt  0.000):  0.5188  0.4812
 A-DIIS (wt  1.000):  0.5265  0.4735
  DIIS coefficients:  0.5265  0.4735
 SCF Error: norm([F,P])=      0.504106516444, max([F,P])=      0.304988592984
 orbitals (Q,E):
 ---------------
 S :1...2            ( 2.00    -0.8877)  ( 0.00     1.0105)
 P :1...2            ( 4.00    -0.3395)  ( 0.00     0.8219)
 D :1...1            ( 0.00     1.0583)

 CYCLE    6
  SDIIS (wt  0.933): -0.0254  1.0254
 A-DIIS (wt  0.067):  0.0000  1.0000
  DIIS coefficients: -0.0237  1.0237
 SCF Error: norm([F,P])=      0.012476254300, max([F,P])=      0.007645326144
 orbitals (Q,E):
 ---------------
 S :1...2            ( 2.00    -0.8903)  ( 0.00     1.0080)
 P :1...2            ( 4.00    -0.3421)  ( 0.00     0.8193)
 D :1...1            ( 0.00     1.0575)

 CYCLE    7
  SDIIS (wt  1.000):  0.0017  0.9983
  DIIS coefficients:  0.0017  0.9983
 SCF Error: norm([F,P])=      0.000850222478, max([F,P])=      0.000516046342
 orbitals (Q,E):
 ---------------
 S :1...2            ( 2.00    -0.8901)  ( 0.00     1.0082)
 P :1...2            ( 4.00    -0.3419)  ( 0.00     0.8195)
 D :1...1            ( 0.00     1.0575)

 CYCLE    8
  SDIIS (wt  1.000):  0.0009  0.9991
  DIIS coefficients:  0.0009  0.9991
 SCF Error: norm([F,P])=      0.000000842537, max([F,P])=      0.000000729954
 orbitals (Q,E):
 ---------------
 S :1...2            ( 2.00    -0.8901)  ( 0.00     1.0082)
 P :1...2            ( 4.00    -0.3419)  ( 0.00     0.8195)
 D :1...1            ( 0.00     1.0576)

 CYCLE    9
  SDIIS (wt  1.000): -0.1529  1.1529
  DIIS coefficients: -0.1529  1.1529
 SCF Error: norm([F,P])=      0.000000125356, max([F,P])=      0.000000074968
 orbitals (Q,E):
 ---------------
 S :1...2            ( 2.00    -0.8901)  ( 0.00     1.0082)
 P :1...2            ( 4.00    -0.3419)  ( 0.00     0.8195)
 D :1...1            ( 0.00     1.0576)

 CYCLE   10
  SDIIS (wt  1.000):  0.2712  0.7288
  DIIS coefficients:  0.2712  0.7288
 SCF Error: norm([F,P])=      0.000000046655, max([F,P])=      0.000000028022
 orbitals (Q,E):
 ---------------
 S :1...2            ( 2.00    -0.8901)  ( 0.00     1.0082)
 P :1...2            ( 4.00    -0.3419)  ( 0.00     0.8195)
 D :1...1            ( 0.00     1.0576)

 CYCLE   11
  SDIIS (wt  1.000): -0.0009  1.0009
  DIIS coefficients: -0.0009  1.0009
 SCF Error: norm([F,P])=      0.000000000041, max([F,P])=      0.000000000025
 orbitals (Q,E):
 ---------------
 S :1...2            ( 2.00    -0.8901)  ( 0.00     1.0082)
 P :1...2            ( 4.00    -0.3419)  ( 0.00     0.8195)
 D :1...1            ( 0.00     1.0576)

 SCF CONVERGED

 CYCLE   12
1
 ***************************************************************************************************



                                                *******************
                                                *  R E S U L T S  *
                                                *******************
  
 *** Using FIT density in Focky
  SDIIS (wt  1.000):  0.0013  0.9987
  DIIS coefficients:  0.0013  0.9987
 SCF Error: norm([F,P])=      0.000000000000, max([F,P])=      0.000000000000

 Scaled ZORA Orbital Energies, per Irrep and Spin:
 =================================================
                        Occup              E (au)              E (eV)       Diff (eV) with prev. cycle
                        -----      --------------------        ------       --------------------------
 S
               1        2.000     -0.89013560442577E+00       -24.222              -7.85E-13
               2        0.000      0.10082218940076E+01        27.435
 P
               1        4.000     -0.34188050410021E+00        -9.303              -7.82E-13
               2        0.000      0.81947737905995E+00        22.299
 D
               1        0.000      0.10575504763778E+01        28.777


 Partially Occupied:
               1 P                -0.34188050410021E+00
  
 HOMO :        1 S                -0.89013560442577E+00
 LUMO :        2 P                 0.81947737905995E+00
  


 Orbital Energies, all Irreps
 ========================================

 Irrep        no.  (spin)   Occup              E (au)                E (eV)
 ---------------------------------------------------------------------------
 S             1             2.00       -0.89013560442577E+00       -24.2218
 P             1             4.00       -0.34188050410021E+00        -9.3030
 P             2             0.00        0.81947737905995E+00        22.2991
 S             2             0.00        0.10082218940076E+01        27.4351
 D             1             0.00        0.10575504763778E+01        28.7774


 Scaled ZORA Orbital Energies of the Core Orbitals:
 ==================================================

 (Note that the atoms are grouped by atomtype, see the labels, and may hence NOT be in input order)

 AtomType  Orbital  Atom                   E (au)                        E (eV)
 --------  -------  ----           --------------------        ----------------
 O           1S        1          -0.18954117891306E+02                -515.768



 =======================================
 M U L L I K E N   P O P U L A T I O N S
 =======================================
  
 The survey below gives for each atom:
 a) the total charge (Z minus electrons)
 b) the net spin polarization (nr of electrons spin-A minus spin-B)
 c) for each spin the atomic electron valence density (integrated) per L-value.

 Atom              Charge    Spin density          S         P         D         F
 ----              ------    ------------       ------    ------    ------    ------
 1 O               0.0000                       2.0000    4.0000    0.0000    0.0000

 Populations of individual BAS functions
 ----------------------------------------
 1 O            0.0004  0.9373  1.0623  0.6581  0.6581  0.6581  0.6752  0.6752  0.6752  0.0000
                0.0000  0.0000  0.0000  0.0000  0.0000

 Gross Charges per Atom (Z minus electrons)
 ==========================================
             0.0000
 Net Total:  0.00000000



 =======================================================================
 Electrostatic potential at the Nuclei due to electrons and other nuclei
 =======================================================================
  
         Atom                  Potential
         ----                  ---------
     1)   O                  22.19962106


JSONified input:
++++++++++++++++
{
  "Create": "H m=1.00782500000000 C:/AMS2021.102/atomicdata/ADF/ZORA/DZP/H",
  "CorePotentials": {
    "_1": [],
    "_h": "C:/SCMTMP/amstmp_ams_kid0.195579973/t12.rel"
  },
  "xc": {
    "gga": "PBE",
    "dispersion": "GRIMME4"
  }
}


JSONified input traversal:
++++++++++++++++++++++++++
2 3 , path = 
7 0 Create, path = Create
2 2 CorePotentials, path = CorePotentials
3 0 _1, path = CorePotentials%_1
7 0 _h, path = CorePotentials%_h
2 2 xc, path = xc
7 0 gga, path = xc%gga
7 0 dispersion, path = xc%dispersion
 dirac file name: C:/AMS2021.102/atomicdata/Dirac/H



                     **************************************************************************
                     *  DIRAC 2021.102  RunTime: Jun21-2021 22:21:17  ShM Nodes: 1  Procs: 1  *
                     **************************************************************************
  
1
 HYDROGEN ATOM RELATIVISTIC, Point Nuc, A and c from libtc   
 N J RN H ZN XION ANUC CLIGHT
 5000    1100.00000000197.36710137  1.00000000  0.00000000    1.007825  0.1370360E+03
  PH   PHI     EPS        DEL        DELRVR
  0.30  0.30     2500.00  0.00001000  0.00001000
 IDIRC  NC1  NDEBU NPRIN  IPUN IRCOR IWCOR
   1   300     0     0     0     0     0
   XALPHA      XLATTER      RNUC
  0.70000000  0.00000000  0.00000000 Point Charge
   XN   XL   XJ      XE          XZ      XDELL
  1.0  0.0  0.5      -1.000       1.000     0.00000
 R(1)=  0.1000000E-08 D=  0.1005080E+01 RNUC=  0.0000000E+00
 converged at cycle   32  DENSITY AVERAGING    0.2400
  MAXIMUM ERROR IN R.V(R) IS   0.79874357E-05
 Q,EY,EV,EZ,ESUM,ETOT,RHO  0.100000E+01 -0.266614E+00 -0.619969E+00 -0.910779E+00 -0.203940E+00 -0.415998E+00  0.337036E-17


 DIRAC CALCULATION
1                    HYDROGEN ATOM RELATIVISTIC, Point Nuc, A and c from libtc


 EXCHANGE COEFFICIENT=  0.7000000           TAIL CORRECTION=  0.           NUCLEAR RADIUS=  0.000E+00
0                       ORBITAL    N    L    J     ELECTRONS     EIGENVALUE                DELTA OF EIGENV.

                          1S1/2  1.0  0.0  0.5     1.000       -0.2039397E+00                 0.2720093E-06


                                        NUCLEAR CHARGE=    1.000000
                            INTEGRAL OF CHARGE DENSITY=    1.000000
                           SUM OF THE ORBITAL ENERGIES=     -0.2039
                                          TOTAL ENERGY=     -0.4160
                                        KINETIC ENERGY=      0.4160
                             NUCLEAR ATTRACTION ENERGY=     -0.9108
                             ELECTRON REPULSION ENERGY=      0.2787
                                       EXCHANGE ENERGY=     -0.2000

 Hydrogen (DZP)



 ===========================
 A T T A C H E D   F I L E S
 ===========================
  
 CREATE - Data File:    C:/AMS2021.102/atomicdata/ADF/ZORA/DZP/H
                        Hydrogen (DZP)
 Core Potentials:
         file : C:/SCMTMP/amstmp_ams_kid0.195579973/t12.rel



 ===============================
 M O D E L   P A R A M E T E R S
 ===============================
  
 DENSITY FUNCTIONAL POTENTIAL (scf)
    LDA:                               PW92                                    == Not Default ==
    Gradient Corrections:              PBEc PBEx                               == Not Default ==

 SPIN  (restricted / unrestr.)
    Molecule:                          Restricted                               

 OTHER ASPECTS
    Relativistic Corrections:          scalar (ZORA,MAPA)                       

    Nuclear Charge Density Model:      Point Charge Nuclei                      
    Core Treatment:                    Frozen Orbital(s)                        

    Hyperfine or Zeeman Interaction:   ---                                      

 Settings for Grimme D4 dispersion correction

      s6                          1.000
      s8                          0.959
      a1                          0.386
      a2                          4.807



 =====================================
 S Y M M E T R Y ,   E L E C T R O N S
 =====================================
  
 Symmetry: ATOM

 Irreducible Representations, including subspecies
 -------------------------------------------------
 S
 P:x  P:y  P:z
 D:z2  D:x2-y2  D:xy  D:xz  D:yz
 F:z3  F:z  F:xyz  F:z2x  F:z2y  F:x  F:y


 Configuration of Valence Electrons
 ==================================

          Occupation Numbers
          -------------------------------------------------
 S        1
 P        0
 D        0
 F        0
          -------------------------------------------------

 Total:   1

 Net Charge: 0 (Nuclei minus Electrons)

 Preset values for MO occupations will be applied through SCF cycle no. 1000000
 Thereafter, the program will assign electrons to MOs that are spatially
 similar to the occupied MOs in a "reference" cycle ("KeepOrbitals").
 The reference cycle is always the PREVIOUS cycle: it will evolve with
 the SCF procedure.



 ================================
 (Slater-type)  F U N C T I O N S  ***  (Basis and Fit)  ***
 ================================
  

 Atom Type    1  (H)
 ==============

 Valence Basis Sets:   3
 -----------------------
   1 S    0.760000
   1 S    1.280000
   2 P    1.250000


 BAS: List of all Elementary Cartesian Basis Functions
 =====================================================

 The numbering in the list below (to the right of the function characteristics) is referred
 to in print-outs of MO eigenvectors and Mulliken populations in the BAS representation
 (as contrasted to the SFO representation).

 Notes:
 1. The functions are characterized by a polynomial prefactor (powers of x,y,z and r) and
    an exponential decay factor alpha.
 2. Since the basis sets are specific for an atom TYPE, the individual functions occur on
    all atoms of that type.
 3. The word 'Core' in the left margin signals that it is a Core Function (CF) : not a
    degree of freedom in the valence set, but only used to ensure orthogonalization of
    the other valence basis functions on the frozen Core Orbitals.


 (power of) X  Y  Z  R     Alpha  on Atom
            ==========     =====     ==========

 H                                    1
                                  ---------------------------------------------------------------------------
            0  0  0  0     0.760      1
            0  0  0  0     1.280      2
            1  0  0  0     1.250      3
            0  1  0  0     1.250      4
            0  0  1  0     1.250      5

 Total number of charge fitting functions (nprimf)        50
 Total number of Cartesian basis functions (naos)          5
 Total number of Cartesian core functions  (ncos)          0



 BAS: List of all Elementary Cartesian Basis Functions
 =====================================================

 The numbering in the list below (to the right of the function characteristics) is referred
 to in print-outs of MO eigenvectors and Mulliken populations in the BAS representation
 (as contrasted to the SFO representation).

 Notes:
 1. The functions are characterized by a polynomial prefactor (powers of x,y,z and r) and
    an exponential decay factor alpha.
 2. Since the basis sets are specific for an atom TYPE, the individual functions occur on
    all atoms of that type.
 3. The word 'Core' in the left margin signals that it is a Core Function (CF) : not a
    degree of freedom in the valence set, but only used to ensure orthogonalization of
    the other valence basis functions on the frozen Core Orbitals.


 (power of) X  Y  Z  R     Alpha  on Atom
            ==========     =====     ==========

 H                                    1
                                  ---------------------------------------------------------------------------
            0  0  0  0     0.760      1
            0  0  0  0     1.280      2
            1  0  0  0     1.250      3
            0  1  0  0     1.250      4
            0  0  1  0     1.250      5
1
 ***************************************************************************************************



                                              ***********************
                                              *  T E C H N I C A L  *
                                              ***********************
  



 =============================================================
 P A R A L L E L I Z A T I O N  and  V E C T O R I Z A T I O N
 =============================================================
  
 Nr of parallel processes:                                1
 Maximum vector length in NumInt loops:                 128



 =====================
 S C F   U P D A T E S
 =====================
  
 Max. nr. of cycles:                               300
 Convergence criterion:                              0.0000000100
   secondary criterion:                              0.0000000100

 Mix parameter (when DIIS does not apply):           0.2000000000
 Special mix parameter for the first cycle:          1.0000000000
 Mixed ADIIS+SDIIS will be used                  
    Max number of expansion vectors:                10
    Pure ADIIS when Max([F,P]) is above              0.1000000000
    Pure SDIIS when Max([F,P]) is below              0.0010000000
 Automatic ElectronSmearing (in case of problematic SCF convergence) disabled



 =================
 P R E C I S I O N  ***  (General: NumInt, NeglectFunctionTails, ...)  ***
 =================
  

 NumInt:           Target precision:                12.0000000000
 -------           Initial precision:               10.0000000000
                   Min. precision (optimization):   10.0000000000

 Neglect Functions:          Basis functions:        0.1000000000E-13
 ------------------          Fit functions:          0.1000000000E-13



 ===========================
 L I N E A R   S C A L I N G
 ===========================
  

 Cut-off radii density fit:                        0.1000000000E-97
 Overlap cut-off criterion AO matrix elements:     0.1000000000E-97
 Cut-offs for Coulomb potential and fitted density:0.1000000000E-97
 Cut-off criterion for Coulomb multipole terms:    0.1000000000E-97
 Progressive Convergence parameter:                 0.000000000    
1
 ***************************************************************************************************



                                            ***************************
                                            *  C O M P U T A T I O N  *
                                            ***************************
  

 Number of elements of the density matrix on this node (used, total):        15        15



 ===========================================
 Numerical Integration : Fuzzy Cells (Becke)
 ===========================================
  
 Becke grid quality: VERYGOOD       
  
 Lebedev angular grid order:             min:  13 max:  41
 Nr. of radial points:                   min:  64 max:  64

 Total nr. of points:         64
 Nr. of blocks:                1
 Block length:                64
 Nr. of dummy points:          0


 Test of Precision of the Numerical Integration Grid
 ===================================================

 Integral of the Total Core Density:                   0.00000000000000



 ========================
 Density Fitting (zlmFit)
 ========================
  
 ZlmFit Fit Quality: VERYGOOD       
  
 Max L-expansion:                        min:   0 max:   0
 Nr. of radial interpolation points:     min: 120 max: 120



 =====
 S C F  ***  ScaSCF  ***
 =====
  

 CYCLE    1
 SCF Error: norm([F,P])=      0.000000000000, max([F,P])=      0.000000000000
 orbitals (Q,E):
 ---------------
 S :1...2            ( 1.00    -0.4983)  ( 0.00     0.1718)
 P :1...1            ( 0.00     0.1562)

 CYCLE    2
 SCF Error: norm([F,P])=      0.033001933656, max([F,P])=      0.033001933656
 orbitals (Q,E):
 ---------------
 S :1...2            ( 1.00    -0.2268)  ( 0.00     0.4005)
 P :1...1            ( 0.00     0.4153)

 CYCLE    3
  SDIIS (wt  0.000):  0.1528  0.8472
 A-DIIS (wt  1.000):  0.0000  1.0000
  DIIS coefficients:  0.0000  1.0000
 SCF Error: norm([F,P])=      0.005954454000, max([F,P])=      0.005954454000
 orbitals (Q,E):
 ---------------
 S :1...2            ( 1.00    -0.2417)  ( 0.00     0.3884)
 P :1...1            ( 0.00     0.4029)

 CYCLE    4
  SDIIS (wt  1.000):  0.1463  0.8537
 A-DIIS (wt  0.000):  0.0000  1.0000
  DIIS coefficients:  0.1463  0.8537
 SCF Error: norm([F,P])=      0.001020399433, max([F,P])=      0.001020399433
 orbitals (Q,E):
 ---------------
 S :1...2            ( 1.00    -0.2394)  ( 0.00     0.3902)
 P :1...1            ( 0.00     0.4048)

 CYCLE    5
  SDIIS (wt  1.000):  0.0014  0.9986
  DIIS coefficients:  0.0014  0.9986
 SCF Error: norm([F,P])=      0.000001436995, max([F,P])=      0.000001436995
 orbitals (Q,E):
 ---------------
 S :1...2            ( 1.00    -0.2394)  ( 0.00     0.3902)
 P :1...1            ( 0.00     0.4048)

 CYCLE    6
  SDIIS (wt  1.000): -0.0002  1.0002
  DIIS coefficients: -0.0002  1.0002
 SCF Error: norm([F,P])=      0.000000000334, max([F,P])=      0.000000000334
 orbitals (Q,E):
 ---------------
 S :1...2            ( 1.00    -0.2394)  ( 0.00     0.3902)
 P :1...1            ( 0.00     0.4048)

 SCF CONVERGED

 CYCLE    7
1
 ***************************************************************************************************



                                                *******************
                                                *  R E S U L T S  *
                                                *******************
  
 *** Using FIT density in Focky
  SDIIS (wt  1.000):  0.0000  1.0000
  DIIS coefficients:  0.0000  1.0000
 SCF Error: norm([F,P])=      0.000000000000, max([F,P])=      0.000000000000

 Scaled ZORA Orbital Energies, per Irrep and Spin:
 =================================================
                        Occup              E (au)              E (eV)       Diff (eV) with prev. cycle
                        -----      --------------------        ------       --------------------------
 S
               1        1.000     -0.23939248892723E+00        -6.514               1.28E-14
               2        0.000      0.39021645958605E+00        10.618
 P
               1        0.000      0.40480887453077E+00        11.015


 Partially Occupied:
               1 S                -0.23939248892723E+00
  
 LUMO :        2 S                 0.39021645958605E+00
  


 Orbital Energies, all Irreps
 ========================================

 Irrep        no.  (spin)   Occup              E (au)                E (eV)
 ---------------------------------------------------------------------------
 S             1             1.00       -0.23939248892723E+00        -6.5142
 S             2             0.00        0.39021645958605E+00        10.6183
 P             1             0.00        0.40480887453077E+00        11.0154


 All Electron Calculation, thus no Orbital Energies of the Core Orbitals are calculated



 =======================================
 M U L L I K E N   P O P U L A T I O N S
 =======================================
  
 The survey below gives for each atom:
 a) the total charge (Z minus electrons)
 b) the net spin polarization (nr of electrons spin-A minus spin-B)
 c) for each spin the atomic electron valence density (integrated) per L-value.

 Atom              Charge    Spin density          S         P         D         F
 ----              ------    ------------       ------    ------    ------    ------
 1 H               0.0000                       1.0000    0.0000    0.0000    0.0000

 Populations of individual BAS functions
 ----------------------------------------
 1 H            0.6465  0.3535  0.0000  0.0000  0.0000

 Gross Charges per Atom (Z minus electrons)
 ==========================================
             0.0000
 Net Total:  0.00000000



 =======================================================================
 Electrostatic potential at the Nuclei due to electrons and other nuclei
 =======================================================================
  
         Atom                  Potential
         ----                  ---------
     1)   H                   0.94379605


JSONified input:
++++++++++++++++
{
  "Create": "C m=12.0000000000000 C:/AMS2021.102/atomicdata/ADF/ZORA/DZP/C.1s",
  "CorePotentials": {
    "_1": [],
    "_h": "C:/SCMTMP/amstmp_ams_kid0.195579973/t12.rel"
  },
  "xc": {
    "gga": "PBE",
    "dispersion": "GRIMME4"
  }
}


JSONified input traversal:
++++++++++++++++++++++++++
2 3 , path = 
7 0 Create, path = Create
2 2 CorePotentials, path = CorePotentials
3 0 _1, path = CorePotentials%_1
7 0 _h, path = CorePotentials%_h
2 2 xc, path = xc
7 0 gga, path = xc%gga
7 0 dispersion, path = xc%dispersion
 Using the following fragment file: C:/ADF_DATA/IR_Spectrum Propenal.results/t21.16D83F09.C


JSONified input:
++++++++++++++++
{
  "Create": "O m=15.9949140000000 C:/AMS2021.102/atomicdata/ADF/ZORA/DZP/O.1s",
  "CorePotentials": {
    "_1": [],
    "_h": "C:/SCMTMP/amstmp_ams_kid0.195579973/t12.rel"
  },
  "xc": {
    "gga": "PBE",
    "dispersion": "GRIMME4"
  }
}


JSONified input traversal:
++++++++++++++++++++++++++
2 3 , path = 
7 0 Create, path = Create
2 2 CorePotentials, path = CorePotentials
3 0 _1, path = CorePotentials%_1
7 0 _h, path = CorePotentials%_h
2 2 xc, path = xc
7 0 gga, path = xc%gga
7 0 dispersion, path = xc%dispersion
 Using the following fragment file: C:/ADF_DATA/IR_Spectrum Propenal.results/t21.4A730916.O


JSONified input:
++++++++++++++++
{
  "Create": "H m=1.00782500000000 C:/AMS2021.102/atomicdata/ADF/ZORA/DZP/H",
  "CorePotentials": {
    "_1": [],
    "_h": "C:/SCMTMP/amstmp_ams_kid0.195579973/t12.rel"
  },
  "xc": {
    "gga": "PBE",
    "dispersion": "GRIMME4"
  }
}


JSONified input traversal:
++++++++++++++++++++++++++
2 3 , path = 
7 0 Create, path = Create
2 2 CorePotentials, path = CorePotentials
3 0 _1, path = CorePotentials%_1
7 0 _h, path = CorePotentials%_h
2 2 xc, path = xc
7 0 gga, path = xc%gga
7 0 dispersion, path = xc%dispersion
 Using the following fragment file: C:/ADF_DATA/IR_Spectrum Propenal.results/t21.6FAFDF9D.H


JSONified input:
++++++++++++++++
{
  "Create": "C m=12.0000000000000 C:/AMS2021.102/atomicdata/ADF/ZORA/DZP/C.1s",
  "CorePotentials": {
    "_1": [],
    "_h": "C:/SCMTMP/amstmp_ams_kid0.195579973/t12.rel"
  },
  "xc": {
    "gga": "PBE",
    "dispersion": "GRIMME4"
  }
}


JSONified input traversal:
++++++++++++++++++++++++++
2 3 , path = 
7 0 Create, path = Create
2 2 CorePotentials, path = CorePotentials
3 0 _1, path = CorePotentials%_1
7 0 _h, path = CorePotentials%_h
2 2 xc, path = xc
7 0 gga, path = xc%gga
7 0 dispersion, path = xc%dispersion
 Using the following fragment file: C:/ADF_DATA/IR_Spectrum Propenal.results/t21.16D83F09.C


JSONified input:
++++++++++++++++
{
  "Create": "O m=15.9949140000000 C:/AMS2021.102/atomicdata/ADF/ZORA/DZP/O.1s",
  "CorePotentials": {
    "_1": [],
    "_h": "C:/SCMTMP/amstmp_ams_kid0.195579973/t12.rel"
  },
  "xc": {
    "gga": "PBE",
    "dispersion": "GRIMME4"
  }
}


JSONified input traversal:
++++++++++++++++++++++++++
2 3 , path = 
7 0 Create, path = Create
2 2 CorePotentials, path = CorePotentials
3 0 _1, path = CorePotentials%_1
7 0 _h, path = CorePotentials%_h
2 2 xc, path = xc
7 0 gga, path = xc%gga
7 0 dispersion, path = xc%dispersion
 Using the following fragment file: C:/ADF_DATA/IR_Spectrum Propenal.results/t21.4A730916.O


JSONified input:
++++++++++++++++
{
  "Create": "H m=1.00782500000000 C:/AMS2021.102/atomicdata/ADF/ZORA/DZP/H",
  "CorePotentials": {
    "_1": [],
    "_h": "C:/SCMTMP/amstmp_ams_kid0.195579973/t12.rel"
  },
  "xc": {
    "gga": "PBE",
    "dispersion": "GRIMME4"
  }
}


JSONified input traversal:
++++++++++++++++++++++++++
2 3 , path = 
7 0 Create, path = Create
2 2 CorePotentials, path = CorePotentials
3 0 _1, path = CorePotentials%_1
7 0 _h, path = CorePotentials%_h
2 2 xc, path = xc
7 0 gga, path = xc%gga
7 0 dispersion, path = xc%dispersion
 Using the following fragment file: C:/ADF_DATA/IR_Spectrum Propenal.results/t21.6FAFDF9D.H


JSONified input:
++++++++++++++++
{
  "Create": "C m=12.0000000000000 C:/AMS2021.102/atomicdata/ADF/ZORA/DZP/C.1s",
  "CorePotentials": {
    "_1": [],
    "_h": "C:/SCMTMP/amstmp_ams_kid0.195579973/t12.rel"
  },
  "xc": {
    "gga": "PBE",
    "dispersion": "GRIMME4"
  }
}


JSONified input traversal:
++++++++++++++++++++++++++
2 3 , path = 
7 0 Create, path = Create
2 2 CorePotentials, path = CorePotentials
3 0 _1, path = CorePotentials%_1
7 0 _h, path = CorePotentials%_h
2 2 xc, path = xc
7 0 gga, path = xc%gga
7 0 dispersion, path = xc%dispersion
 Using the following fragment file: C:/ADF_DATA/IR_Spectrum Propenal.results/t21.16D83F09.C


JSONified input:
++++++++++++++++
{
  "Create": "O m=15.9949140000000 C:/AMS2021.102/atomicdata/ADF/ZORA/DZP/O.1s",
  "CorePotentials": {
    "_1": [],
    "_h": "C:/SCMTMP/amstmp_ams_kid0.195579973/t12.rel"
  },
  "xc": {
    "gga": "PBE",
    "dispersion": "GRIMME4"
  }
}


JSONified input traversal:
++++++++++++++++++++++++++
2 3 , path = 
7 0 Create, path = Create
2 2 CorePotentials, path = CorePotentials
3 0 _1, path = CorePotentials%_1
7 0 _h, path = CorePotentials%_h
2 2 xc, path = xc
7 0 gga, path = xc%gga
7 0 dispersion, path = xc%dispersion
 Using the following fragment file: C:/ADF_DATA/IR_Spectrum Propenal.results/t21.4A730916.O


JSONified input:
++++++++++++++++
{
  "Create": "H m=1.00782500000000 C:/AMS2021.102/atomicdata/ADF/ZORA/DZP/H",
  "CorePotentials": {
    "_1": [],
    "_h": "C:/SCMTMP/amstmp_ams_kid0.195579973/t12.rel"
  },
  "xc": {
    "gga": "PBE",
    "dispersion": "GRIMME4"
  }
}


JSONified input traversal:
++++++++++++++++++++++++++
2 3 , path = 
7 0 Create, path = Create
2 2 CorePotentials, path = CorePotentials
3 0 _1, path = CorePotentials%_1
7 0 _h, path = CorePotentials%_h
2 2 xc, path = xc
7 0 gga, path = xc%gga
7 0 dispersion, path = xc%dispersion
 Using the following fragment file: C:/ADF_DATA/IR_Spectrum Propenal.results/t21.6FAFDF9D.H


JSONified input:
++++++++++++++++
{
  "Create": "C m=12.0000000000000 C:/AMS2021.102/atomicdata/ADF/ZORA/DZP/C.1s",
  "CorePotentials": {
    "_1": [],
    "_h": "C:/SCMTMP/amstmp_ams_kid0.195579973/t12.rel"
  },
  "xc": {
    "gga": "PBE",
    "dispersion": "GRIMME4"
  }
}


JSONified input traversal:
++++++++++++++++++++++++++
2 3 , path = 
7 0 Create, path = Create
2 2 CorePotentials, path = CorePotentials
3 0 _1, path = CorePotentials%_1
7 0 _h, path = CorePotentials%_h
2 2 xc, path = xc
7 0 gga, path = xc%gga
7 0 dispersion, path = xc%dispersion
 Using the following fragment file: C:/ADF_DATA/IR_Spectrum Propenal.results/t21.16D83F09.C


JSONified input:
++++++++++++++++
{
  "Create": "O m=15.9949140000000 C:/AMS2021.102/atomicdata/ADF/ZORA/DZP/O.1s",
  "CorePotentials": {
    "_1": [],
    "_h": "C:/SCMTMP/amstmp_ams_kid0.195579973/t12.rel"
  },
  "xc": {
    "gga": "PBE",
    "dispersion": "GRIMME4"
  }
}


JSONified input traversal:
++++++++++++++++++++++++++
2 3 , path = 
7 0 Create, path = Create
2 2 CorePotentials, path = CorePotentials
3 0 _1, path = CorePotentials%_1
7 0 _h, path = CorePotentials%_h
2 2 xc, path = xc
7 0 gga, path = xc%gga
7 0 dispersion, path = xc%dispersion
 Using the following fragment file: C:/ADF_DATA/IR_Spectrum Propenal.results/t21.4A730916.O


JSONified input:
++++++++++++++++
{
  "Create": "H m=1.00782500000000 C:/AMS2021.102/atomicdata/ADF/ZORA/DZP/H",
  "CorePotentials": {
    "_1": [],
    "_h": "C:/SCMTMP/amstmp_ams_kid0.195579973/t12.rel"
  },
  "xc": {
    "gga": "PBE",
    "dispersion": "GRIMME4"
  }
}


JSONified input traversal:
++++++++++++++++++++++++++
2 3 , path = 
7 0 Create, path = Create
2 2 CorePotentials, path = CorePotentials
3 0 _1, path = CorePotentials%_1
7 0 _h, path = CorePotentials%_h
2 2 xc, path = xc
7 0 gga, path = xc%gga
7 0 dispersion, path = xc%dispersion
 Using the following fragment file: C:/ADF_DATA/IR_Spectrum Propenal.results/t21.6FAFDF9D.H
